This file contains any messages produced by compilers while
running configure, to aid debugging if configure makes a mistake.

It was created by mdp configure 0.93.0, which was
generated by GNU Autoconf 2.69.  Invocation command line was

  $ ./configure --prefix=/usr --sysconfdir=/etc

## --------- ##
## Platform. ##
## --------- ##

hostname = cabelo.oichman.net
uname -m = x86_64
uname -r = 3.17.8-200.fc20.x86_64
uname -s = Linux
uname -v = #1 SMP Thu Jan 8 23:26:57 UTC 2015

/usr/bin/uname -p = x86_64
/bin/uname -X     = unknown

/bin/arch              = x86_64
/usr/bin/arch -k       = unknown
/usr/convex/getsysinfo = unknown
/usr/bin/hostinfo      = unknown
/bin/machine           = unknown
/usr/bin/oslevel       = unknown
/bin/universe          = unknown

PATH: /usr/kerberos/sbin
PATH: /usr/kerberos/bin
PATH: /usr/lib64/ccache
PATH: /usr/local/sbin
PATH: /usr/local/bin
PATH: /sbin
PATH: /bin
PATH: /usr/sbin
PATH: /usr/bin
PATH: /root/bin


## ----------- ##
## Core tests. ##
## ----------- ##

configure:2163: loading site script /usr/share/config.site
| # This is the config.site file to satisfy FHS defaults when installing below
| # /usr.
| #
| # You may override this file by your config.site using the CONFIG_SITE env
| # variable.
| #
| # Note: This file includes also RHEL/Fedora fix for installing libraries into
| # "/lib/lib64" on 64bit systems.
| 
| if test -n "$host"; then
|     # skip when cross-compiling
|     return 0
| fi
| 
| if test "$prefix" = /usr; then
|     test "$sysconfdir" = '${prefix}/etc' && sysconfdir=/etc
|     test "$sharedstatedir" = '${prefix}/com' && sharedstatedir=/var
|     test "$localstatedir" = '${prefix}/var' && localstatedir=/var
| 
|     ARCH=`uname -m`
|     for i in x86_64 ppc64 s390x aarch64; do
|         if test $ARCH = $i; then
|             test "$libdir" = '${exec_prefix}/lib' && libdir='${exec_prefix}/lib64'
|             break
|         fi
|     done
| fi
configure:2307: checking for a BSD-compatible install
configure:2375: result: /bin/install -c
configure:2386: checking whether build environment is sane
configure:2441: result: yes
configure:2592: checking for a thread-safe mkdir -p
configure:2631: result: /bin/mkdir -p
configure:2638: checking for gawk
configure:2654: found /bin/gawk
configure:2665: result: gawk
configure:2676: checking whether make sets $(MAKE)
configure:2698: result: yes
configure:2727: checking whether make supports nested variables
configure:2744: result: yes
configure:2858: checking build system type
configure:2872: result: x86_64-unknown-linux-gnu
configure:2892: checking host system type
configure:2905: result: x86_64-unknown-linux-gnu
configure:2946: checking how to print strings
configure:2973: result: printf
configure:3006: checking for style of include used by make
configure:3034: result: GNU
configure:3105: checking for gcc
configure:3121: found /usr/lib64/ccache/gcc
configure:3132: result: gcc
configure:3361: checking for C compiler version
configure:3370: gcc --version >&5
gcc (GCC) 4.8.3 20140911 (Red Hat 4.8.3-7)
Copyright (C) 2013 Free Software Foundation, Inc.
This is free software; see the source for copying conditions.  There is NO
warranty; not even for MERCHANTABILITY or FITNESS FOR A PARTICULAR PURPOSE.

configure:3381: $? = 0
configure:3370: gcc -v >&5
Using built-in specs.
COLLECT_GCC=/bin/gcc
COLLECT_LTO_WRAPPER=/usr/libexec/gcc/x86_64-redhat-linux/4.8.3/lto-wrapper
Target: x86_64-redhat-linux
Configured with: ../configure --prefix=/usr --mandir=/usr/share/man --infodir=/usr/share/info --with-bugurl=http://bugzilla.redhat.com/bugzilla --enable-bootstrap --enable-shared --enable-threads=posix --enable-checking=release --with-system-zlib --enable-__cxa_atexit --disable-libunwind-exceptions --enable-gnu-unique-object --enable-linker-build-id --with-linker-hash-style=gnu --enable-languages=c,c++,objc,obj-c++,java,fortran,ada,go,lto --enable-plugin --enable-initfini-array --enable-java-awt=gtk --disable-dssi --with-java-home=/usr/lib/jvm/java-1.5.0-gcj-1.5.0.0/jre --enable-libgcj-multifile --enable-java-maintainer-mode --with-ecj-jar=/usr/share/java/eclipse-ecj.jar --disable-libjava-multilib --with-isl=/builddir/build/BUILD/gcc-4.8.3-20140911/obj-x86_64-redhat-linux/isl-install --with-cloog=/builddir/build/BUILD/gcc-4.8.3-20140911/obj-x86_64-redhat-linux/cloog-install --with-tune=generic --with-arch_32=i686 --build=x86_64-redhat-linux
Thread model: posix
gcc version 4.8.3 20140911 (Red Hat 4.8.3-7) (GCC) 
configure:3381: $? = 0
configure:3370: gcc -V >&5
gcc: error: unrecognized command line option '-V'
gcc: fatal error: no input files
compilation terminated.
configure:3381: $? = 4
configure:3370: gcc -qversion >&5
gcc: error: unrecognized command line option '-qversion'
gcc: fatal error: no input files
compilation terminated.
configure:3381: $? = 4
configure:3401: checking whether the C compiler works
configure:3423: gcc    conftest.c  >&5
configure:3427: $? = 0
configure:3475: result: yes
configure:3478: checking for C compiler default output file name
configure:3480: result: a.out
configure:3486: checking for suffix of executables
configure:3493: gcc -o conftest    conftest.c  >&5
configure:3497: $? = 0
configure:3519: result: 
configure:3541: checking whether we are cross compiling
configure:3549: gcc -o conftest    conftest.c  >&5
configure:3553: $? = 0
configure:3560: ./conftest
configure:3564: $? = 0
configure:3579: result: no
configure:3584: checking for suffix of object files
configure:3606: gcc -c   conftest.c >&5
configure:3610: $? = 0
configure:3631: result: o
configure:3635: checking whether we are using the GNU C compiler
configure:3654: gcc -c   conftest.c >&5
configure:3654: $? = 0
configure:3663: result: yes
configure:3672: checking whether gcc accepts -g
configure:3692: gcc -c -g  conftest.c >&5
configure:3692: $? = 0
configure:3733: result: yes
configure:3750: checking for gcc option to accept ISO C89
configure:3813: gcc  -c -g -O2  conftest.c >&5
configure:3813: $? = 0
configure:3826: result: none needed
configure:3848: checking dependency style of gcc
configure:3959: result: gcc3
configure:3974: checking for a sed that does not truncate output
configure:4038: result: /bin/sed
configure:4056: checking for grep that handles long lines and -e
configure:4114: result: /bin/grep
configure:4119: checking for egrep
configure:4181: result: /bin/grep -E
configure:4186: checking for fgrep
configure:4248: result: /bin/grep -F
configure:4283: checking for ld used by gcc
configure:4350: result: /bin/ld
configure:4357: checking if the linker (/bin/ld) is GNU ld
configure:4372: result: yes
configure:4384: checking for BSD- or MS-compatible name lister (nm)
configure:4433: result: /bin/nm -B
configure:4563: checking the name lister (/bin/nm -B) interface
configure:4570: gcc -c -g -O2  conftest.c >&5
configure:4573: /bin/nm -B "conftest.o"
configure:4576: output
0000000000000000 B some_variable
configure:4583: result: BSD nm
configure:4586: checking whether ln -s works
configure:4590: result: yes
configure:4598: checking the maximum length of command line arguments
configure:4728: result: 1572864
configure:4745: checking whether the shell understands some XSI constructs
configure:4755: result: yes
configure:4759: checking whether the shell understands "+="
configure:4765: result: yes
configure:4800: checking how to convert x86_64-unknown-linux-gnu file names to x86_64-unknown-linux-gnu format
configure:4840: result: func_convert_file_noop
configure:4847: checking how to convert x86_64-unknown-linux-gnu file names to toolchain format
configure:4867: result: func_convert_file_noop
configure:4874: checking for /bin/ld option to reload object files
configure:4881: result: -r
configure:4955: checking for objdump
configure:4971: found /bin/objdump
configure:4982: result: objdump
configure:5014: checking how to recognize dependent libraries
configure:5216: result: pass_all
configure:5301: checking for dlltool
configure:5331: result: no
configure:5361: checking how to associate runtime and link libraries
configure:5388: result: printf %s\n
configure:5449: checking for ar
configure:5465: found /bin/ar
configure:5476: result: ar
configure:5513: checking for archiver @FILE support
configure:5530: gcc -c -g -O2  conftest.c >&5
configure:5530: $? = 0
configure:5533: ar cru libconftest.a @conftest.lst >&5
configure:5536: $? = 0
configure:5541: ar cru libconftest.a @conftest.lst >&5
ar: conftest.o: No such file or directory
configure:5544: $? = 1
configure:5556: result: @
configure:5614: checking for strip
configure:5630: found /bin/strip
configure:5641: result: strip
configure:5713: checking for ranlib
configure:5729: found /bin/ranlib
configure:5740: result: ranlib
configure:5842: checking command to parse /bin/nm -B output from gcc object
configure:5962: gcc -c -g -O2  conftest.c >&5
configure:5965: $? = 0
configure:5969: /bin/nm -B conftest.o \| sed -n -e 's/^.*[ ]\([ABCDGIRSTW][ABCDGIRSTW]*\)[ ][ ]*\([_A-Za-z][_A-Za-z0-9]*\)$/\1 \2 \2/p' | sed '/ __gnu_lto/d' \> conftest.nm
configure:5972: $? = 0
configure:6038: gcc -o conftest -g -O2   conftest.c conftstm.o >&5
configure:6041: $? = 0
configure:6079: result: ok
configure:6116: checking for sysroot
configure:6146: result: no
configure:6223: gcc -c -g -O2  conftest.c >&5
configure:6226: $? = 0
configure:6408: checking for mt
configure:6438: result: no
configure:6458: checking if : is a manifest tool
configure:6464: : '-?'
configure:6472: result: no
configure:7114: checking how to run the C preprocessor
configure:7145: gcc -E  conftest.c
configure:7145: $? = 0
configure:7159: gcc -E  conftest.c
conftest.c:11:28: fatal error: ac_nonexistent.h: No such file or directory
 #include <ac_nonexistent.h>
                            ^
compilation terminated.
configure:7159: $? = 1
configure: failed program was:
| /* confdefs.h */
| #define PACKAGE_NAME "mdp"
| #define PACKAGE_TARNAME "mdp"
| #define PACKAGE_VERSION "0.93.0"
| #define PACKAGE_STRING "mdp 0.93.0"
| #define PACKAGE_BUGREPORT "michael@myjm.de"
| #define PACKAGE_URL ""
| #define PACKAGE "mdp"
| #define VERSION "0.93.0"
| /* end confdefs.h.  */
| #include <ac_nonexistent.h>
configure:7184: result: gcc -E
configure:7204: gcc -E  conftest.c
configure:7204: $? = 0
configure:7218: gcc -E  conftest.c
conftest.c:11:28: fatal error: ac_nonexistent.h: No such file or directory
 #include <ac_nonexistent.h>
                            ^
compilation terminated.
configure:7218: $? = 1
configure: failed program was:
| /* confdefs.h */
| #define PACKAGE_NAME "mdp"
| #define PACKAGE_TARNAME "mdp"
| #define PACKAGE_VERSION "0.93.0"
| #define PACKAGE_STRING "mdp 0.93.0"
| #define PACKAGE_BUGREPORT "michael@myjm.de"
| #define PACKAGE_URL ""
| #define PACKAGE "mdp"
| #define VERSION "0.93.0"
| /* end confdefs.h.  */
| #include <ac_nonexistent.h>
configure:7247: checking for ANSI C header files
configure:7267: gcc -c -g -O2  conftest.c >&5
configure:7267: $? = 0
configure:7340: gcc -o conftest -g -O2   conftest.c  >&5
configure:7340: $? = 0
configure:7340: ./conftest
configure:7340: $? = 0
configure:7351: result: yes
configure:7364: checking for sys/types.h
configure:7364: gcc -c -g -O2  conftest.c >&5
configure:7364: $? = 0
configure:7364: result: yes
configure:7364: checking for sys/stat.h
configure:7364: gcc -c -g -O2  conftest.c >&5
configure:7364: $? = 0
configure:7364: result: yes
configure:7364: checking for stdlib.h
configure:7364: gcc -c -g -O2  conftest.c >&5
configure:7364: $? = 0
configure:7364: result: yes
configure:7364: checking for string.h
configure:7364: gcc -c -g -O2  conftest.c >&5
configure:7364: $? = 0
configure:7364: result: yes
configure:7364: checking for memory.h
configure:7364: gcc -c -g -O2  conftest.c >&5
configure:7364: $? = 0
configure:7364: result: yes
configure:7364: checking for strings.h
configure:7364: gcc -c -g -O2  conftest.c >&5
configure:7364: $? = 0
configure:7364: result: yes
configure:7364: checking for inttypes.h
configure:7364: gcc -c -g -O2  conftest.c >&5
configure:7364: $? = 0
configure:7364: result: yes
configure:7364: checking for stdint.h
configure:7364: gcc -c -g -O2  conftest.c >&5
configure:7364: $? = 0
configure:7364: result: yes
configure:7364: checking for unistd.h
configure:7364: gcc -c -g -O2  conftest.c >&5
configure:7364: $? = 0
configure:7364: result: yes
configure:7378: checking for dlfcn.h
configure:7378: gcc -c -g -O2  conftest.c >&5
configure:7378: $? = 0
configure:7378: result: yes
configure:7583: checking for objdir
configure:7598: result: .libs
configure:7869: checking if gcc supports -fno-rtti -fno-exceptions
configure:7887: gcc -c -g -O2  -fno-rtti -fno-exceptions conftest.c >&5
cc1: warning: command line option '-fno-rtti' is valid for C++/ObjC++ but not for C [enabled by default]
cc1: warning: command line option '-fno-rtti' is valid for C++/ObjC++ but not for C [enabled by default]
configure:7891: $? = 0
configure:7904: result: no
configure:8231: checking for gcc option to produce PIC
configure:8238: result: -fPIC -DPIC
configure:8246: checking if gcc PIC flag -fPIC -DPIC works
configure:8264: gcc -c -g -O2  -fPIC -DPIC -DPIC conftest.c >&5
configure:8268: $? = 0
configure:8281: result: yes
configure:8310: checking if gcc static flag -static works
configure:8338: result: no
configure:8353: checking if gcc supports -c -o file.o
configure:8374: gcc -c -g -O2  -o out/conftest2.o conftest.c >&5
configure:8378: $? = 0
configure:8400: result: yes
configure:8408: checking if gcc supports -c -o file.o
configure:8455: result: yes
configure:8488: checking whether the gcc linker (/bin/ld -m elf_x86_64) supports shared libraries
configure:9641: result: yes
configure:9678: checking whether -lc should be explicitly linked in
configure:9686: gcc -c -g -O2  conftest.c >&5
configure:9689: $? = 0
configure:9704: gcc -shared  -fPIC -DPIC conftest.o  -v -Wl,-soname -Wl,conftest -o conftest 2\>\&1 \| /bin/grep  -lc  \>/dev/null 2\>\&1
configure:9707: $? = 0
configure:9721: result: no
configure:9881: checking dynamic linker characteristics
configure:10392: gcc -o conftest -g -O2   -Wl,-rpath -Wl,/foo conftest.c  >&5
configure:10392: $? = 0
configure:10618: result: GNU/Linux ld.so
configure:10725: checking how to hardcode library paths into programs
configure:10750: result: immediate
configure:10844: checking for shl_load
configure:10844: gcc -o conftest -g -O2   conftest.c  >&5
/tmp/ccaIl1qY.o: In function `main':
/root/source/mdp-0.93.0/conftest.c:57: undefined reference to `shl_load'
collect2: error: ld returned 1 exit status
configure:10844: $? = 1
configure: failed program was:
| /* confdefs.h */
| #define PACKAGE_NAME "mdp"
| #define PACKAGE_TARNAME "mdp"
| #define PACKAGE_VERSION "0.93.0"
| #define PACKAGE_STRING "mdp 0.93.0"
| #define PACKAGE_BUGREPORT "michael@myjm.de"
| #define PACKAGE_URL ""
| #define PACKAGE "mdp"
| #define VERSION "0.93.0"
| #define STDC_HEADERS 1
| #define HAVE_SYS_TYPES_H 1
| #define HAVE_SYS_STAT_H 1
| #define HAVE_STDLIB_H 1
| #define HAVE_STRING_H 1
| #define HAVE_MEMORY_H 1
| #define HAVE_STRINGS_H 1
| #define HAVE_INTTYPES_H 1
| #define HAVE_STDINT_H 1
| #define HAVE_UNISTD_H 1
| #define HAVE_DLFCN_H 1
| #define LT_OBJDIR ".libs/"
| /* end confdefs.h.  */
| /* Define shl_load to an innocuous variant, in case <limits.h> declares shl_load.
|    For example, HP-UX 11i <limits.h> declares gettimeofday.  */
| #define shl_load innocuous_shl_load
| 
| /* System header to define __stub macros and hopefully few prototypes,
|     which can conflict with char shl_load (); below.
|     Prefer <limits.h> to <assert.h> if __STDC__ is defined, since
|     <limits.h> exists even on freestanding compilers.  */
| 
| #ifdef __STDC__
| # include <limits.h>
| #else
| # include <assert.h>
| #endif
| 
| #undef shl_load
| 
| /* Override any GCC internal prototype to avoid an error.
|    Use char because int might match the return type of a GCC
|    builtin and then its argument prototype would still apply.  */
| #ifdef __cplusplus
| extern "C"
| #endif
| char shl_load ();
| /* The GNU C library defines this for functions which it implements
|     to always fail with ENOSYS.  Some functions are actually named
|     something starting with __ and the normal name is an alias.  */
| #if defined __stub_shl_load || defined __stub___shl_load
| choke me
| #endif
| 
| int
| main ()
| {
| return shl_load ();
|   ;
|   return 0;
| }
configure:10844: result: no
configure:10848: checking for shl_load in -ldld
configure:10873: gcc -o conftest -g -O2   conftest.c -ldld   >&5
/bin/ld: cannot find -ldld
collect2: error: ld returned 1 exit status
configure:10873: $? = 1
configure: failed program was:
| /* confdefs.h */
| #define PACKAGE_NAME "mdp"
| #define PACKAGE_TARNAME "mdp"
| #define PACKAGE_VERSION "0.93.0"
| #define PACKAGE_STRING "mdp 0.93.0"
| #define PACKAGE_BUGREPORT "michael@myjm.de"
| #define PACKAGE_URL ""
| #define PACKAGE "mdp"
| #define VERSION "0.93.0"
| #define STDC_HEADERS 1
| #define HAVE_SYS_TYPES_H 1
| #define HAVE_SYS_STAT_H 1
| #define HAVE_STDLIB_H 1
| #define HAVE_STRING_H 1
| #define HAVE_MEMORY_H 1
| #define HAVE_STRINGS_H 1
| #define HAVE_INTTYPES_H 1
| #define HAVE_STDINT_H 1
| #define HAVE_UNISTD_H 1
| #define HAVE_DLFCN_H 1
| #define LT_OBJDIR ".libs/"
| /* end confdefs.h.  */
| 
| /* Override any GCC internal prototype to avoid an error.
|    Use char because int might match the return type of a GCC
|    builtin and then its argument prototype would still apply.  */
| #ifdef __cplusplus
| extern "C"
| #endif
| char shl_load ();
| int
| main ()
| {
| return shl_load ();
|   ;
|   return 0;
| }
configure:10882: result: no
configure:10887: checking for dlopen
configure:10887: gcc -o conftest -g -O2   conftest.c  >&5
/tmp/cccnaWq2.o: In function `main':
/root/source/mdp-0.93.0/conftest.c:57: undefined reference to `dlopen'
collect2: error: ld returned 1 exit status
configure:10887: $? = 1
configure: failed program was:
| /* confdefs.h */
| #define PACKAGE_NAME "mdp"
| #define PACKAGE_TARNAME "mdp"
| #define PACKAGE_VERSION "0.93.0"
| #define PACKAGE_STRING "mdp 0.93.0"
| #define PACKAGE_BUGREPORT "michael@myjm.de"
| #define PACKAGE_URL ""
| #define PACKAGE "mdp"
| #define VERSION "0.93.0"
| #define STDC_HEADERS 1
| #define HAVE_SYS_TYPES_H 1
| #define HAVE_SYS_STAT_H 1
| #define HAVE_STDLIB_H 1
| #define HAVE_STRING_H 1
| #define HAVE_MEMORY_H 1
| #define HAVE_STRINGS_H 1
| #define HAVE_INTTYPES_H 1
| #define HAVE_STDINT_H 1
| #define HAVE_UNISTD_H 1
| #define HAVE_DLFCN_H 1
| #define LT_OBJDIR ".libs/"
| /* end confdefs.h.  */
| /* Define dlopen to an innocuous variant, in case <limits.h> declares dlopen.
|    For example, HP-UX 11i <limits.h> declares gettimeofday.  */
| #define dlopen innocuous_dlopen
| 
| /* System header to define __stub macros and hopefully few prototypes,
|     which can conflict with char dlopen (); below.
|     Prefer <limits.h> to <assert.h> if __STDC__ is defined, since
|     <limits.h> exists even on freestanding compilers.  */
| 
| #ifdef __STDC__
| # include <limits.h>
| #else
| # include <assert.h>
| #endif
| 
| #undef dlopen
| 
| /* Override any GCC internal prototype to avoid an error.
|    Use char because int might match the return type of a GCC
|    builtin and then its argument prototype would still apply.  */
| #ifdef __cplusplus
| extern "C"
| #endif
| char dlopen ();
| /* The GNU C library defines this for functions which it implements
|     to always fail with ENOSYS.  Some functions are actually named
|     something starting with __ and the normal name is an alias.  */
| #if defined __stub_dlopen || defined __stub___dlopen
| choke me
| #endif
| 
| int
| main ()
| {
| return dlopen ();
|   ;
|   return 0;
| }
configure:10887: result: no
configure:10891: checking for dlopen in -ldl
configure:10916: gcc -o conftest -g -O2   conftest.c -ldl   >&5
configure:10916: $? = 0
configure:10925: result: yes
configure:11044: checking whether a program can dlopen itself
configure:11124: gcc -o conftest -g -O2  -DHAVE_DLFCN_H  -Wl,--export-dynamic conftest.c -ldl  >&5
configure:11127: $? = 0
configure:11145: result: yes
configure:11150: checking whether a statically linked program can dlopen itself
configure:11230: gcc -o conftest -g -O2  -DHAVE_DLFCN_H  -Wl,--export-dynamic  conftest.c -ldl  >&5
configure:11233: $? = 0
configure:11251: result: yes
configure:11290: checking whether stripping libraries is possible
configure:11295: result: yes
configure:11330: checking if libtool supports shared libraries
configure:11332: result: yes
configure:11335: checking whether to build shared libraries
configure:11356: result: yes
configure:11359: checking whether to build static libraries
configure:11363: result: yes
configure:11452: checking for gcc
configure:11479: result: gcc
configure:11708: checking for C compiler version
configure:11717: gcc --version >&5
gcc (GCC) 4.8.3 20140911 (Red Hat 4.8.3-7)
Copyright (C) 2013 Free Software Foundation, Inc.
This is free software; see the source for copying conditions.  There is NO
warranty; not even for MERCHANTABILITY or FITNESS FOR A PARTICULAR PURPOSE.

configure:11728: $? = 0
configure:11717: gcc -v >&5
Using built-in specs.
COLLECT_GCC=/bin/gcc
COLLECT_LTO_WRAPPER=/usr/libexec/gcc/x86_64-redhat-linux/4.8.3/lto-wrapper
Target: x86_64-redhat-linux
Configured with: ../configure --prefix=/usr --mandir=/usr/share/man --infodir=/usr/share/info --with-bugurl=http://bugzilla.redhat.com/bugzilla --enable-bootstrap --enable-shared --enable-threads=posix --enable-checking=release --with-system-zlib --enable-__cxa_atexit --disable-libunwind-exceptions --enable-gnu-unique-object --enable-linker-build-id --with-linker-hash-style=gnu --enable-languages=c,c++,objc,obj-c++,java,fortran,ada,go,lto --enable-plugin --enable-initfini-array --enable-java-awt=gtk --disable-dssi --with-java-home=/usr/lib/jvm/java-1.5.0-gcj-1.5.0.0/jre --enable-libgcj-multifile --enable-java-maintainer-mode --with-ecj-jar=/usr/share/java/eclipse-ecj.jar --disable-libjava-multilib --with-isl=/builddir/build/BUILD/gcc-4.8.3-20140911/obj-x86_64-redhat-linux/isl-install --with-cloog=/builddir/build/BUILD/gcc-4.8.3-20140911/obj-x86_64-redhat-linux/cloog-install --with-tune=generic --with-arch_32=i686 --build=x86_64-redhat-linux
Thread model: posix
gcc version 4.8.3 20140911 (Red Hat 4.8.3-7) (GCC) 
configure:11728: $? = 0
configure:11717: gcc -V >&5
gcc: error: unrecognized command line option '-V'
gcc: fatal error: no input files
compilation terminated.
configure:11728: $? = 4
configure:11717: gcc -qversion >&5
gcc: error: unrecognized command line option '-qversion'
gcc: fatal error: no input files
compilation terminated.
configure:11728: $? = 4
configure:11732: checking whether we are using the GNU C compiler
configure:11760: result: yes
configure:11769: checking whether gcc accepts -g
configure:11830: result: yes
configure:11847: checking for gcc option to accept ISO C89
configure:11923: result: none needed
configure:11945: checking dependency style of gcc
configure:12056: result: gcc3
configure:12079: checking locale.h usability
configure:12079: gcc -c -g -O2  conftest.c >&5
configure:12079: $? = 0
configure:12079: result: yes
configure:12079: checking locale.h presence
configure:12079: gcc -E  conftest.c
configure:12079: $? = 0
configure:12079: result: yes
configure:12079: checking for locale.h
configure:12079: result: yes
configure:12079: checking for stdlib.h
configure:12079: result: yes
configure:12079: checking for string.h
configure:12079: result: yes
configure:12079: checking for unistd.h
configure:12079: result: yes
configure:12091: checking for stdbool.h that conforms to C99
configure:12158: gcc -c -g -O2  conftest.c >&5
configure:12158: $? = 0
configure:12165: result: yes
configure:12167: checking for _Bool
configure:12167: gcc -c -g -O2  conftest.c >&5
configure:12167: $? = 0
configure:12167: gcc -c -g -O2  conftest.c >&5
conftest.c: In function 'main':
conftest.c:63:20: error: expected expression before ')' token
 if (sizeof ((_Bool)))
                    ^
configure:12167: $? = 1
configure: failed program was:
| /* confdefs.h */
| #define PACKAGE_NAME "mdp"
| #define PACKAGE_TARNAME "mdp"
| #define PACKAGE_VERSION "0.93.0"
| #define PACKAGE_STRING "mdp 0.93.0"
| #define PACKAGE_BUGREPORT "michael@myjm.de"
| #define PACKAGE_URL ""
| #define PACKAGE "mdp"
| #define VERSION "0.93.0"
| #define STDC_HEADERS 1
| #define HAVE_SYS_TYPES_H 1
| #define HAVE_SYS_STAT_H 1
| #define HAVE_STDLIB_H 1
| #define HAVE_STRING_H 1
| #define HAVE_MEMORY_H 1
| #define HAVE_STRINGS_H 1
| #define HAVE_INTTYPES_H 1
| #define HAVE_STDINT_H 1
| #define HAVE_UNISTD_H 1
| #define HAVE_DLFCN_H 1
| #define LT_OBJDIR ".libs/"
| #define HAVE_LOCALE_H 1
| #define HAVE_STDLIB_H 1
| #define HAVE_STRING_H 1
| #define HAVE_UNISTD_H 1
| /* end confdefs.h.  */
| #include <stdio.h>
| #ifdef HAVE_SYS_TYPES_H
| # include <sys/types.h>
| #endif
| #ifdef HAVE_SYS_STAT_H
| # include <sys/stat.h>
| #endif
| #ifdef STDC_HEADERS
| # include <stdlib.h>
| # include <stddef.h>
| #else
| # ifdef HAVE_STDLIB_H
| #  include <stdlib.h>
| # endif
| #endif
| #ifdef HAVE_STRING_H
| # if !defined STDC_HEADERS && defined HAVE_MEMORY_H
| #  include <memory.h>
| # endif
| # include <string.h>
| #endif
| #ifdef HAVE_STRINGS_H
| # include <strings.h>
| #endif
| #ifdef HAVE_INTTYPES_H
| # include <inttypes.h>
| #endif
| #ifdef HAVE_STDINT_H
| # include <stdint.h>
| #endif
| #ifdef HAVE_UNISTD_H
| # include <unistd.h>
| #endif
| int
| main ()
| {
| if (sizeof ((_Bool)))
| 	    return 0;
|   ;
|   return 0;
| }
configure:12167: result: yes
configure:12178: checking for inline
configure:12194: gcc -c -g -O2  conftest.c >&5
configure:12194: $? = 0
configure:12202: result: inline
configure:12220: checking for size_t
configure:12220: gcc -c -g -O2  conftest.c >&5
configure:12220: $? = 0
configure:12220: gcc -c -g -O2  conftest.c >&5
conftest.c: In function 'main':
conftest.c:64:21: error: expected expression before ')' token
 if (sizeof ((size_t)))
                     ^
configure:12220: $? = 1
configure: failed program was:
| /* confdefs.h */
| #define PACKAGE_NAME "mdp"
| #define PACKAGE_TARNAME "mdp"
| #define PACKAGE_VERSION "0.93.0"
| #define PACKAGE_STRING "mdp 0.93.0"
| #define PACKAGE_BUGREPORT "michael@myjm.de"
| #define PACKAGE_URL ""
| #define PACKAGE "mdp"
| #define VERSION "0.93.0"
| #define STDC_HEADERS 1
| #define HAVE_SYS_TYPES_H 1
| #define HAVE_SYS_STAT_H 1
| #define HAVE_STDLIB_H 1
| #define HAVE_STRING_H 1
| #define HAVE_MEMORY_H 1
| #define HAVE_STRINGS_H 1
| #define HAVE_INTTYPES_H 1
| #define HAVE_STDINT_H 1
| #define HAVE_UNISTD_H 1
| #define HAVE_DLFCN_H 1
| #define LT_OBJDIR ".libs/"
| #define HAVE_LOCALE_H 1
| #define HAVE_STDLIB_H 1
| #define HAVE_STRING_H 1
| #define HAVE_UNISTD_H 1
| #define HAVE__BOOL 1
| /* end confdefs.h.  */
| #include <stdio.h>
| #ifdef HAVE_SYS_TYPES_H
| # include <sys/types.h>
| #endif
| #ifdef HAVE_SYS_STAT_H
| # include <sys/stat.h>
| #endif
| #ifdef STDC_HEADERS
| # include <stdlib.h>
| # include <stddef.h>
| #else
| # ifdef HAVE_STDLIB_H
| #  include <stdlib.h>
| # endif
| #endif
| #ifdef HAVE_STRING_H
| # if !defined STDC_HEADERS && defined HAVE_MEMORY_H
| #  include <memory.h>
| # endif
| # include <string.h>
| #endif
| #ifdef HAVE_STRINGS_H
| # include <strings.h>
| #endif
| #ifdef HAVE_INTTYPES_H
| # include <inttypes.h>
| #endif
| #ifdef HAVE_STDINT_H
| # include <stdint.h>
| #endif
| #ifdef HAVE_UNISTD_H
| # include <unistd.h>
| #endif
| int
| main ()
| {
| if (sizeof ((size_t)))
| 	    return 0;
|   ;
|   return 0;
| }
configure:12220: result: yes
configure:12232: checking whether gcc and cc understand -c and -o together
configure:12263: gcc -c conftest.c -o conftest2.o >&5
configure:12267: $? = 0
configure:12273: gcc -c conftest.c -o conftest2.o >&5
configure:12277: $? = 0
configure:12288: cc -c conftest.c >&5
configure:12292: $? = 0
configure:12300: cc -c conftest.c -o conftest2.o >&5
configure:12304: $? = 0
configure:12310: cc -c conftest.c -o conftest2.o >&5
configure:12314: $? = 0
configure:12332: result: yes
configure:12361: checking for stdlib.h
configure:12361: result: yes
configure:12371: checking for GNU libc compatible malloc
configure:12395: gcc -o conftest -g -O2   conftest.c  >&5
configure:12395: $? = 0
configure:12395: ./conftest
configure:12395: $? = 0
configure:12405: result: yes
configure:12428: checking for stdlib.h
configure:12428: result: yes
configure:12438: checking for GNU libc compatible realloc
configure:12462: gcc -o conftest -g -O2   conftest.c  >&5
configure:12462: $? = 0
configure:12462: ./conftest
configure:12462: $? = 0
configure:12472: result: yes
configure:12496: checking for memmove
configure:12496: gcc -o conftest -g -O2   conftest.c  >&5
conftest.c:55:6: warning: conflicting types for built-in function 'memmove' [enabled by default]
 char memmove ();
      ^
configure:12496: $? = 0
configure:12496: result: yes
configure:12496: checking for setlocale
configure:12496: gcc -o conftest -g -O2   conftest.c  >&5
configure:12496: $? = 0
configure:12496: result: yes
configure:12496: checking for strchr
configure:12496: gcc -o conftest -g -O2   conftest.c  >&5
conftest.c:57:6: warning: conflicting types for built-in function 'strchr' [enabled by default]
 char strchr ();
      ^
configure:12496: $? = 0
configure:12496: result: yes
configure:12496: checking for strerror
configure:12496: gcc -o conftest -g -O2   conftest.c  >&5
configure:12496: $? = 0
configure:12496: result: yes
configure:12617: checking that generated files are newer than configure
configure:12623: result: done
configure:12650: creating ./config.status

## ---------------------- ##
## Running config.status. ##
## ---------------------- ##

This file was extended by mdp config.status 0.93.0, which was
generated by GNU Autoconf 2.69.  Invocation command line was

  CONFIG_FILES    = 
  CONFIG_HEADERS  = 
  CONFIG_LINKS    = 
  CONFIG_COMMANDS = 
  $ ./config.status 

on cabelo.oichman.net

config.status:1094: creating Makefile
config.status:1094: creating src/Makefile
config.status:1094: creating config.h
config.status:1275: config.h is unchanged
config.status:1323: executing depfiles commands
config.status:1323: executing libtool commands

## ---------------- ##
## Cache variables. ##
## ---------------- ##

ac_cv_build=x86_64-unknown-linux-gnu
ac_cv_c_compiler_gnu=yes
ac_cv_c_inline=inline
ac_cv_env_CC_set=
ac_cv_env_CC_value=
ac_cv_env_CFLAGS_set=
ac_cv_env_CFLAGS_value=
ac_cv_env_CPPFLAGS_set=
ac_cv_env_CPPFLAGS_value=
ac_cv_env_CPP_set=
ac_cv_env_CPP_value=
ac_cv_env_LDFLAGS_set=
ac_cv_env_LDFLAGS_value=
ac_cv_env_LIBS_set=
ac_cv_env_LIBS_value=
ac_cv_env_build_alias_set=
ac_cv_env_build_alias_value=
ac_cv_env_host_alias_set=
ac_cv_env_host_alias_value=
ac_cv_env_target_alias_set=
ac_cv_env_target_alias_value=
ac_cv_func_dlopen=no
ac_cv_func_malloc_0_nonnull=yes
ac_cv_func_memmove=yes
ac_cv_func_realloc_0_nonnull=yes
ac_cv_func_setlocale=yes
ac_cv_func_shl_load=no
ac_cv_func_strchr=yes
ac_cv_func_strerror=yes
ac_cv_header_dlfcn_h=yes
ac_cv_header_inttypes_h=yes
ac_cv_header_locale_h=yes
ac_cv_header_memory_h=yes
ac_cv_header_stdbool_h=yes
ac_cv_header_stdc=yes
ac_cv_header_stdint_h=yes
ac_cv_header_stdlib_h=yes
ac_cv_header_string_h=yes
ac_cv_header_strings_h=yes
ac_cv_header_sys_stat_h=yes
ac_cv_header_sys_types_h=yes
ac_cv_header_unistd_h=yes
ac_cv_host=x86_64-unknown-linux-gnu
ac_cv_lib_dl_dlopen=yes
ac_cv_lib_dld_shl_load=no
ac_cv_objext=o
ac_cv_path_EGREP='/bin/grep -E'
ac_cv_path_FGREP='/bin/grep -F'
ac_cv_path_GREP=/bin/grep
ac_cv_path_SED=/bin/sed
ac_cv_path_install='/bin/install -c'
ac_cv_path_mkdir=/bin/mkdir
ac_cv_prog_AWK=gawk
ac_cv_prog_CPP='gcc -E'
ac_cv_prog_ac_ct_AR=ar
ac_cv_prog_ac_ct_CC=gcc
ac_cv_prog_ac_ct_OBJDUMP=objdump
ac_cv_prog_ac_ct_RANLIB=ranlib
ac_cv_prog_ac_ct_STRIP=strip
ac_cv_prog_cc_c89=
ac_cv_prog_cc_g=yes
ac_cv_prog_cc_gcc_c_o=yes
ac_cv_prog_make_make_set=yes
ac_cv_type__Bool=yes
ac_cv_type_size_t=yes
am_cv_CC_dependencies_compiler_type=gcc3
am_cv_make_support_nested_variables=yes
lt_cv_ar_at_file=@
lt_cv_archive_cmds_need_lc=no
lt_cv_deplibs_check_method=pass_all
lt_cv_dlopen=dlopen
lt_cv_dlopen_libs=-ldl
lt_cv_dlopen_self=yes
lt_cv_dlopen_self_static=yes
lt_cv_file_magic_cmd='$MAGIC_CMD'
lt_cv_file_magic_test_file=
lt_cv_ld_reload_flag=-r
lt_cv_nm_interface='BSD nm'
lt_cv_objdir=.libs
lt_cv_path_LD=/bin/ld
lt_cv_path_NM='/bin/nm -B'
lt_cv_path_mainfest_tool=no
lt_cv_prog_compiler_c_o=yes
lt_cv_prog_compiler_pic='-fPIC -DPIC'
lt_cv_prog_compiler_pic_works=yes
lt_cv_prog_compiler_rtti_exceptions=no
lt_cv_prog_compiler_static_works=no
lt_cv_prog_gnu_ld=yes
lt_cv_sharedlib_from_linklib_cmd='printf %s\n'
lt_cv_shlibpath_overrides_runpath=no
lt_cv_sys_global_symbol_pipe='sed -n -e '\''s/^.*[	 ]\([ABCDGIRSTW][ABCDGIRSTW]*\)[	 ][	 ]*\([_A-Za-z][_A-Za-z0-9]*\)$/\1 \2 \2/p'\'' | sed '\''/ __gnu_lto/d'\'''
lt_cv_sys_global_symbol_to_c_name_address='sed -n -e '\''s/^: \([^ ]*\)[ ]*$/  {\"\1\", (void *) 0},/p'\'' -e '\''s/^[ABCDGIRSTW]* \([^ ]*\) \([^ ]*\)$/  {"\2", (void *) \&\2},/p'\'''
lt_cv_sys_global_symbol_to_c_name_address_lib_prefix='sed -n -e '\''s/^: \([^ ]*\)[ ]*$/  {\"\1\", (void *) 0},/p'\'' -e '\''s/^[ABCDGIRSTW]* \([^ ]*\) \(lib[^ ]*\)$/  {"\2", (void *) \&\2},/p'\'' -e '\''s/^[ABCDGIRSTW]* \([^ ]*\) \([^ ]*\)$/  {"lib\2", (void *) \&\2},/p'\'''
lt_cv_sys_global_symbol_to_cdecl='sed -n -e '\''s/^T .* \(.*\)$/extern int \1();/p'\'' -e '\''s/^[ABCDGIRSTW]* .* \(.*\)$/extern char \1;/p'\'''
lt_cv_sys_max_cmd_len=1572864
lt_cv_to_host_file_cmd=func_convert_file_noop
lt_cv_to_tool_file_cmd=func_convert_file_noop

## ----------------- ##
## Output variables. ##
## ----------------- ##

ACLOCAL='${SHELL} /root/source/mdp-0.93.0/missing aclocal-1.13'
AMDEPBACKSLASH='\'
AMDEP_FALSE='#'
AMDEP_TRUE=''
AMTAR='$${TAR-tar}'
AM_BACKSLASH='\'
AM_DEFAULT_V='$(AM_DEFAULT_VERBOSITY)'
AM_DEFAULT_VERBOSITY='1'
AM_V='$(V)'
AR='ar'
AUTOCONF='${SHELL} /root/source/mdp-0.93.0/missing autoconf'
AUTOHEADER='${SHELL} /root/source/mdp-0.93.0/missing autoheader'
AUTOMAKE='${SHELL} /root/source/mdp-0.93.0/missing automake-1.13'
AWK='gawk'
CC='gcc'
CCDEPMODE='depmode=gcc3'
CFLAGS='-g -O2'
CPP='gcc -E'
CPPFLAGS=''
CYGPATH_W='echo'
DEFS='-DHAVE_CONFIG_H'
DEPDIR='.deps'
DLLTOOL='false'
DSYMUTIL=''
DUMPBIN=''
ECHO_C=''
ECHO_N='-n'
ECHO_T=''
EGREP='/bin/grep -E'
EXEEXT=''
FGREP='/bin/grep -F'
GREP='/bin/grep'
INSTALL_DATA='${INSTALL} -m 644'
INSTALL_PROGRAM='${INSTALL}'
INSTALL_SCRIPT='${INSTALL}'
INSTALL_STRIP_PROGRAM='$(install_sh) -c -s'
LD='/bin/ld -m elf_x86_64'
LDFLAGS=''
LIBOBJS=''
LIBS=''
LIBTOOL='$(SHELL) $(top_builddir)/libtool'
LIPO=''
LN_S='ln -s'
LTLIBOBJS=''
MAKEINFO='${SHELL} /root/source/mdp-0.93.0/missing makeinfo'
MANIFEST_TOOL=':'
MKDIR_P='/bin/mkdir -p'
NM='/bin/nm -B'
NMEDIT=''
OBJDUMP='objdump'
OBJEXT='o'
OTOOL64=''
OTOOL=''
PACKAGE='mdp'
PACKAGE_BUGREPORT='michael@myjm.de'
PACKAGE_NAME='mdp'
PACKAGE_STRING='mdp 0.93.0'
PACKAGE_TARNAME='mdp'
PACKAGE_URL=''
PACKAGE_VERSION='0.93.0'
PATH_SEPARATOR=':'
RANLIB='ranlib'
SED='/bin/sed'
SET_MAKE=''
SHELL='/bin/sh'
STRIP='strip'
VERSION='0.93.0'
ac_ct_AR='ar'
ac_ct_CC='gcc'
ac_ct_DUMPBIN=''
am__EXEEXT_FALSE=''
am__EXEEXT_TRUE='#'
am__fastdepCC_FALSE='#'
am__fastdepCC_TRUE=''
am__include='include'
am__isrc=''
am__leading_dot='.'
am__nodep='_no'
am__quote=''
am__tar='$${TAR-tar} chof - "$$tardir"'
am__untar='$${TAR-tar} xf -'
bindir='${exec_prefix}/bin'
build='x86_64-unknown-linux-gnu'
build_alias=''
build_cpu='x86_64'
build_os='linux-gnu'
build_vendor='unknown'
datadir='${datarootdir}'
datarootdir='${prefix}/share'
docdir='${datarootdir}/doc/${PACKAGE_TARNAME}'
dvidir='${docdir}'
exec_prefix='${prefix}'
host='x86_64-unknown-linux-gnu'
host_alias=''
host_cpu='x86_64'
host_os='linux-gnu'
host_vendor='unknown'
htmldir='${docdir}'
includedir='${prefix}/include'
infodir='${datarootdir}/info'
install_sh='${SHELL} /root/source/mdp-0.93.0/install-sh'
libdir='${exec_prefix}/lib64'
libexecdir='${exec_prefix}/libexec'
localedir='${datarootdir}/locale'
localstatedir='/var'
mandir='${datarootdir}/man'
mkdir_p='$(MKDIR_P)'
oldincludedir='/usr/include'
pdfdir='${docdir}'
prefix='/usr'
program_transform_name='s,x,x,'
psdir='${docdir}'
sbindir='${exec_prefix}/sbin'
sharedstatedir='/var'
sysconfdir='/etc'
target_alias=''

## ----------- ##
## confdefs.h. ##
## ----------- ##

/* confdefs.h */
#define PACKAGE_NAME "mdp"
#define PACKAGE_TARNAME "mdp"
#define PACKAGE_VERSION "0.93.0"
#define PACKAGE_STRING "mdp 0.93.0"
#define PACKAGE_BUGREPORT "michael@myjm.de"
#define PACKAGE_URL ""
#define PACKAGE "mdp"
#define VERSION "0.93.0"
#define STDC_HEADERS 1
#define HAVE_SYS_TYPES_H 1
#define HAVE_SYS_STAT_H 1
#define HAVE_STDLIB_H 1
#define HAVE_STRING_H 1
#define HAVE_MEMORY_H 1
#define HAVE_STRINGS_H 1
#define HAVE_INTTYPES_H 1
#define HAVE_STDINT_H 1
#define HAVE_UNISTD_H 1
#define HAVE_DLFCN_H 1
#define LT_OBJDIR ".libs/"
#define HAVE_LOCALE_H 1
#define HAVE_STDLIB_H 1
#define HAVE_STRING_H 1
#define HAVE_UNISTD_H 1
#define HAVE__BOOL 1
#define HAVE_STDLIB_H 1
#define HAVE_MALLOC 1
#define HAVE_STDLIB_H 1
#define HAVE_REALLOC 1
#define HAVE_MEMMOVE 1
#define HAVE_SETLOCALE 1
#define HAVE_STRCHR 1
#define HAVE_STRERROR 1

configure: exit 0
